[22/Nov/2021:00:08:39 -0300] 0:0:0:0:0:0:0:1 "GET /card HTTP/1.1" 500 (290 ms)
[22/Nov/2021:00:12:09 -0300] 0:0:0:0:0:0:0:1 "GET /card HTTP/1.1" 500 (202 ms)
[22/Nov/2021:00:53:06 -0300] 0:0:0:0:0:0:0:1 "GET /card HTTP/1.1" 200 (130 ms)
[22/Nov/2021:00:55:26 -0300] 0:0:0:0:0:0:0:1 "GET /card HTTP/1.1" 404 (154 ms)
[22/Nov/2021:00:55:37 -0300] 0:0:0:0:0:0:0:1 "GET /card HTTP/1.1" 404 (8 ms)
[22/Nov/2021:00:55:38 -0300] 0:0:0:0:0:0:0:1 "GET /card HTTP/1.1" 404 (4 ms)
[22/Nov/2021:00:57:31 -0300] 0:0:0:0:0:0:0:1 "GET /card HTTP/1.1" 200 (136 ms)
[22/Nov/2021:01:01:51 -0300] 0:0:0:0:0:0:0:1 "GET /card HTTP/1.1" 500 (67 ms)
[22/Nov/2021:01:02:35 -0300] 0:0:0:0:0:0:0:1 "GET /card HTTP/1.1" 200 (256 ms)
[22/Nov/2021:01:02:38 -0300] 0:0:0:0:0:0:0:1 "GET /card HTTP/1.1" 200 (6 ms)
[22/Nov/2021:01:02:38 -0300] 0:0:0:0:0:0:0:1 "GET /card HTTP/1.1" 200 (6 ms)
[22/Nov/2021:01:02:46 -0300] 0:0:0:0:0:0:0:1 "GET /card HTTP/1.1" 200 (7 ms)
[22/Nov/2021:01:03:06 -0300] 0:0:0:0:0:0:0:1 "GET /card HTTP/1.1" 200 (7 ms)
[22/Nov/2021:01:09:14 -0300] 0:0:0:0:0:0:0:1 "GET /desafio/card HTTP/1.1" 200 (256 ms)
[22/Nov/2021:01:10:29 -0300] 0:0:0:0:0:0:0:1 "GET /desafio/card HTTP/1.1" 200 (270 ms)
[22/Nov/2021:01:33:17 -0300] 0:0:0:0:0:0:0:1 "GET /desafio/card HTTP/1.1" 200 (245 ms)
[22/Nov/2021:01:33:23 -0300] 0:0:0:0:0:0:0:1 "GET /desafio/card HTTP/1.1" 200 (6 ms)
[22/Nov/2021:02:39:31 -0200] 0:0:0:0:0:0:0:1 "GET /desafio HTTP/1.1" 302 (0 ms)
[22/Nov/2021:02:39:31 -0200] 0:0:0:0:0:0:0:1 "GET /desafio/ HTTP/1.1" 404 (119 ms)
[22/Nov/2021:02:39:35 -0200] 0:0:0:0:0:0:0:1 "GET /desafio/card HTTP/1.1" 200 (370 ms)
[22/Nov/2021:03:08:04 -0200] 0:0:0:0:0:0:0:1 "GET /desafio/email HTTP/1.1" 200 (409 ms)
[22/Nov/2021:20:38:43 -0200] 0:0:0:0:0:0:0:1 "GET /h2 HTTP/1.1" 404 (36 ms)
[22/Nov/2021:20:38:52 -0200] 0:0:0:0:0:0:0:1 "GET /desafio/log HTTP/1.1" 200 (525 ms)
[22/Nov/2021:20:38:58 -0200] 0:0:0:0:0:0:0:1 "GET /desafio/card HTTP/1.1" 200 (17 ms)
[22/Nov/2021:20:39:07 -0200] 0:0:0:0:0:0:0:1 "GET /desafio/email HTTP/1.1" 200 (22 ms)
[22/Nov/2021:20:39:23 -0200] 0:0:0:0:0:0:0:1 "GET /desafio/monitoramento HTTP/1.1" 200 (17 ms)
